<?xml version="1.0" encoding="UTF-8"?>
<testng-results skipped="0" failed="0" ignored="0" total="1" passed="1">
  <reporter-output>
  </reporter-output>
  <suite name="Default suite" duration-ms="1900" started-at="2019-12-06T01:41:08 IST" finished-at="2019-12-06T01:41:10 IST">
    <groups>
    </groups>
    <test name="Default test" duration-ms="1900" started-at="2019-12-06T01:41:08 IST" finished-at="2019-12-06T01:41:10 IST">
      <class name="com.oa.crmpro.utility.DB">
        <test-method status="PASS" signature="Test()[pri:0, instance:com.oa.crmpro.utility.DB@5abca1e0]" name="Test" duration-ms="1779" started-at="2019-12-06T01:41:08 IST" finished-at="2019-12-06T01:41:10 IST">
          <reporter-output>
          </reporter-output>
        </test-method> <!-- Test -->
      </class> <!-- com.oa.crmpro.utility.DB -->
    </test> <!-- Default test -->
  </suite> <!-- Default suite -->
</testng-results>
